
==============================
 Sign Up Error
 Date: 2026-03-12 00:45:46
==============================
 Location : backend/src/main/java/com/auth/backend/service/AuthService.java
 Error    : 500 Internal Server Error on PUT request for "http://localhost:8080/admin/realms/mobile-realm/users/0c823c1d-cd0f-4798-b9f0-b615727cc8bc/send-verify-email": "{"errorMessage":"Failed to send verify email"}"
------------------------------>

==============================
 Sign Up Error
 Date: 2026-03-12 00:57:40
==============================
 Location : backend/src/main/java/com/auth/backend/service/AuthService.java
 Error    : 409 Conflict on POST request for "http://localhost:8080/admin/realms/mobile-realm/users": "{"errorMessage":"User exists with same email"}"
------------------------------>

==============================
 Sign Up Error
 Date: 2026-03-12 00:59:06
==============================
 Location : backend/src/main/java/com/auth/backend/service/AuthService.java
 Error    : 500 Internal Server Error on PUT request for "http://localhost:8080/admin/realms/mobile-realm/users/ebd2c4ca-fd8f-4498-9327-025c17a4717a/send-verify-email": "{"errorMessage":"Failed to send verify email"}"
------------------------------>

==============================
 Sign Up Error
 Date: 2026-03-12 01:01:11
==============================
 Location : backend/src/main/java/com/auth/backend/service/AuthService.java
 Error    : 500 Internal Server Error on PUT request for "http://localhost:8080/admin/realms/mobile-realm/users/308131b1-b5e6-4713-b55f-d605c615dd1e/send-verify-email": "{"errorMessage":"Failed to send verify email"}"
------------------------------>

==============================
 Sign Up Error
 Date: 2026-03-12 01:02:31
==============================
 Location : backend/src/main/java/com/auth/backend/service/AuthService.java
 Error    : 500 Internal Server Error on PUT request for "http://localhost:8080/admin/realms/mobile-realm/users/557879ac-f665-4582-95da-e66c7e1dcd00/send-verify-email": "{"errorMessage":"Failed to send verify email"}"
------------------------------>

==============================
 Sign Up Error
 Date: 2026-03-12 01:03:49
==============================
 Location : backend/src/main/java/com/auth/backend/service/AuthService.java
 Error    : 500 Internal Server Error on PUT request for "http://localhost:8080/admin/realms/mobile-realm/users/157551fa-1ed8-4544-82b4-15bdbb45d4ae/send-verify-email": "{"errorMessage":"Failed to send verify email"}"
------------------------------>

==============================
 Sign Up Error
 Date: 2026-03-12 01:05:23
==============================
 Location : backend/src/main/java/com/auth/backend/service/AuthService.java
 Error    : 500 Internal Server Error on PUT request for "http://localhost:8080/admin/realms/mobile-realm/users/037379e5-bb41-4418-8639-347f1f519ac8/send-verify-email": "{"errorMessage":"Failed to send verify email"}"
------------------------------>

==============================
 Sign Up Error
 Date: 2026-03-12 01:06:07
==============================
 Location : backend/src/main/java/com/auth/backend/service/AuthService.java
 Error    : 500 Internal Server Error on PUT request for "http://localhost:8080/admin/realms/mobile-realm/users/78b13b02-5127-4d84-87bf-af8e3f7bcd02/send-verify-email": "{"errorMessage":"Failed to send verify email"}"
------------------------------>

==============================
 Sign Up Error
 Date: 2026-03-12 01:39:55
==============================
 Location : backend/src/main/java/com/auth/backend/service/AuthService.java
 Error    : 409 Conflict on POST request for "http://localhost:8080/admin/realms/mobile-realm/users": "{"errorMessage":"User exists with same email"}"
------------------------------>

==============================
 Login Error
 Date: 2026-03-17 12:58:35
==============================
 Location : backend/src/main/java/com/auth/backend/service/AuthService.java
 Error    : 401 Unauthorized on POST request for "http://localhost:8080/realms/mobile-realm/protocol/openid-connect/token": [no body]
------------------------------>

==============================
 Admin Login Error
 Date: 2026-03-17 13:07:15
==============================
 Location : backend/src/main/java/com/auth/backend/service/AdminAuthService.java
 Error    : 401 Unauthorized on POST request for "http://localhost:8080/realms/mobile-realm/protocol/openid-connect/token": [no body]
------------------------------>

==============================
 Admin Login Error
 Date: 2026-03-17 13:24:19
==============================
 Location : backend/src/main/java/com/auth/backend/service/AdminAuthService.java
 Error    : Access denied: not an admin
------------------------------>

==============================
 Admin Login Error
 Date: 2026-03-17 19:06:45
==============================
 Location : backend/src/main/java/com/auth/backend/service/AdminAuthService.java
 Error    : 401 Unauthorized on POST request for "http://localhost:8080/realms/mobile-realm/protocol/openid-connect/token": [no body]
------------------------------>

==============================
 Admin Login Error
 Date: 2026-03-17 19:08:22
==============================
 Location : backend/src/main/java/com/auth/backend/service/AdminAuthService.java
 Error    : 401 Unauthorized on POST request for "http://localhost:8080/realms/mobile-realm/protocol/openid-connect/token": [no body]
------------------------------>

==============================
 Admin Login Error
 Date: 2026-03-17 19:09:48
==============================
 Location : backend/src/main/java/com/auth/backend/service/AdminAuthService.java
 Error    : 401 Unauthorized on POST request for "http://localhost:8080/realms/mobile-realm/protocol/openid-connect/token": [no body]
------------------------------>

==============================
 Admin Login Error
 Date: 2026-03-17 19:10:55
==============================
 Location : backend/src/main/java/com/auth/backend/service/AdminAuthService.java
 Error    : Access denied: not an admin
------------------------------>

==============================
 Admin Login Error
 Date: 2026-03-17 19:13:06
==============================
 Location : backend/src/main/java/com/auth/backend/service/AdminAuthService.java
 Error    : Access denied: not an admin
------------------------------>

==============================
 Admin Login Error
 Date: 2026-03-17 19:14:01
==============================
 Location : backend/src/main/java/com/auth/backend/service/AdminAuthService.java
 Error    : 401 Unauthorized on POST request for "http://localhost:8080/realms/mobile-realm/protocol/openid-connect/token": [no body]
------------------------------>

==============================
 Admin Login Error
 Date: 2026-03-17 19:17:59
==============================
 Location : backend/src/main/java/com/auth/backend/service/AdminAuthService.java
 Error    : Access denied: not an admin
------------------------------>

==============================
 Sign Up Error
 Date: 2026-03-17 21:40:53
==============================
 Location : backend/src/main/java/com/auth/backend/service/AuthService.java
 Error    : 409 Conflict on POST request for "http://localhost:8080/admin/realms/mobile-realm/users": "{"errorMessage":"User exists with same username"}"
------------------------------>

==============================
 Sign Up Error
 Date: 2026-03-17 22:01:58
==============================
 Location : backend/src/main/java/com/auth/backend/service/AuthService.java
 Error    : 409 Conflict on POST request for "http://localhost:8080/admin/realms/mobile-realm/users": "{"errorMessage":"User exists with same email"}"
------------------------------>

==============================
 Sign Up Error
 Date: 2026-03-17 22:14:19
==============================
 Location : backend/src/main/java/com/auth/backend/service/AuthService.java
 Error    : 409 Conflict on POST request for "http://localhost:8080/admin/realms/mobile-realm/users": "{"errorMessage":"User exists with same email"}"
------------------------------>

==============================
 Sign Up Error
 Date: 2026-03-17 22:40:07
==============================
 Location : backend/src/main/java/com/auth/backend/service/AuthService.java
 Error    : 409 Conflict on POST request for "http://localhost:8080/admin/realms/mobile-realm/users": "{"errorMessage":"User exists with same email"}"
------------------------------>

==============================
 Admin Login Error
 Date: 2026-03-22 13:19:48
==============================
 Location : backend/src/main/java/com/auth/backend/service/AdminAuthService.java
 Error    : I/O error on POST request for "http://localhost:8080/realms/mobile-realm/protocol/openid-connect/token": Connection refused: connect
------------------------------>

==============================
 Admin Login Error
 Date: 2026-03-22 13:20:41
==============================
 Location : backend/src/main/java/com/auth/backend/service/AdminAuthService.java
 Error    : I/O error on POST request for "http://localhost:8080/realms/mobile-realm/protocol/openid-connect/token": An established connection was aborted by the software in your host machine
------------------------------>

==============================
 Admin Login Error
 Date: 2026-03-24 13:26:09
==============================
 Location : backend/src/main/java/com/auth/backend/service/AdminAuthService.java
 Error    : 401 Unauthorized on POST request for "http://localhost:8080/realms/mobile-realm/protocol/openid-connect/token": [no body]
------------------------------>

==============================
 Login Error
 Date: 2026-03-31 11:23:55
==============================
 Location : backend/src/main/java/com/auth/backend/service/AuthService.java
 Error    : 401 Unauthorized on POST request for "http://localhost:8080/realms/mobile-realm/protocol/openid-connect/token": [no body]
------------------------------>

==============================
 Login Error
 Date: 2026-03-31 11:25:03
==============================
 Location : backend/src/main/java/com/auth/backend/service/AuthService.java
 Error    : 401 Unauthorized on POST request for "http://localhost:8080/realms/mobile-realm/protocol/openid-connect/token": [no body]
------------------------------>

==============================
 Sign Up Error
 Date: 2026-04-02 10:43:30
==============================
 Location : backend/src/main/java/com/auth/backend/service/AuthService.java
 Error    : 409 Conflict on POST request for "http://localhost:8080/admin/realms/mobile-realm/users": "{"errorMessage":"User exists with same username"}"
------------------------------>

==============================
 Refresh Error
 Date: 2026-04-05 13:29:06
==============================
 Location : AuthService.java
 Error    : 400 Bad Request: "{"error":"invalid_grant","error_description":"Token is not active"}"
------------------------------>

==============================
 Login Error
 Date: 2026-04-07 13:17:58
==============================
 Location : backend/src/main/java/com/auth/backend/service/AuthService.java
 Error    : 401 Unauthorized: [no body]
------------------------------>

==============================
 Error Joining the session
 Date: 2026-04-07 13:52:43
==============================
 Location : backend\src\main\java\com\auth\backend\service\SessionService.java
 Error    : Session not found: 4C3
------------------------------>

==============================
 Error updating Session
 Date: 2026-04-07 14:04:17
==============================
 Location : backend\src\main\java\com\auth\backend\service\SessionService.java
 Error    : Session is not active.
------------------------------>

==============================
 Error updating Session
 Date: 2026-04-07 14:07:49
==============================
 Location : backend\src\main\java\com\auth\backend\service\SessionService.java
 Error    : Session is not active.
------------------------------>

==============================
 Error Joining the session
 Date: 2026-04-07 14:45:19
==============================
 Location : backend\src\main\java\com\auth\backend\service\SessionService.java
 Error    : Cannot invoke "java.lang.Exception.getMessage()" because "e" is null
------------------------------>

==============================
 SESSION STATUS IS ACTIVE
 Date: 2026-04-07 14:48:10
==============================
 Location : dada
 Error    : Session is active
------------------------------>

==============================
 Error Joining the session
 Date: 2026-04-07 14:48:10
==============================
 Location : backend\src\main\java\com\auth\backend\service\SessionService.java
 Error    : Session is full.
------------------------------>

==============================
 SESSION STATUS IS ACTIVE
 Date: 2026-04-07 14:58:07
==============================
 Location : dada
 Error    : Session is active
------------------------------>

==============================
 Error Joining the session
 Date: 2026-04-07 14:58:07
==============================
 Location : backend\src\main\java\com\auth\backend\service\SessionService.java
 Error    : Session is full.
------------------------------>

==============================
 SESSION STATUS IS ACTIVE
 Date: 2026-04-07 14:59:21
==============================
 Location : dada
 Error    : Session is active
------------------------------>

==============================
 Error Joining the session
 Date: 2026-04-07 14:59:22
==============================
 Location : backend\src\main\java\com\auth\backend\service\SessionService.java
 Error    : Session is full.
------------------------------>

==============================
 SESSION STATUS IS ACTIVE
 Date: 2026-04-07 15:01:44
==============================
 Location : dada
 Error    : Session is active
------------------------------>

==============================
 SESSION STATUS IS ACTIVE
 Date: 2026-04-07 15:36:30
==============================
 Location : dada
 Error    : Session is active
------------------------------>

==============================
 SESSION STATUS IS ACTIVE
 Date: 2026-04-07 15:52:52
==============================
 Location : dada
 Error    : Session is active
------------------------------>

==============================
 Error Joining the session
 Date: 2026-04-07 15:53:31
==============================
 Location : backend\src\main\java\com\auth\backend\service\SessionService.java
 Error    : Session not found: CDF-A17
------------------------------>

==============================
 SESSION STATUS IS ACTIVE
 Date: 2026-04-07 15:54:48
==============================
 Location : dada
 Error    : Session is active
------------------------------>

==============================
 SESSION STATUS IS ACTIVE
 Date: 2026-04-07 15:55:32
==============================
 Location : dada
 Error    : Session is active
------------------------------>

==============================
 SESSION STATUS IS ACTIVE
 Date: 2026-04-07 15:56:19
==============================
 Location : dada
 Error    : Session is active
------------------------------>

==============================
 SESSION STATUS IS ACTIVE
 Date: 2026-04-07 15:59:32
==============================
 Location : dada
 Error    : Session is active
------------------------------>

==============================
 SESSION STATUS IS ACTIVE
 Date: 2026-04-07 16:11:09
==============================
 Location : dada
 Error    : Session is active
------------------------------>

==============================
 SESSION STATUS IS ACTIVE
 Date: 2026-04-07 16:52:08
==============================
 Location : dada
 Error    : Session is active
------------------------------>

==============================
 SESSION STATUS IS ACTIVE
 Date: 2026-04-08 10:49:05
==============================
 Location : dada
 Error    : Session is active
------------------------------>

==============================
 SESSION STATUS IS ACTIVE
 Date: 2026-04-08 11:15:14
==============================
 Location : dada
 Error    : Session is active
------------------------------>

==============================
 SESSION STATUS IS ACTIVE
 Date: 2026-04-08 11:23:51
==============================
 Location : dada
 Error    : Session is active
------------------------------>

==============================
 SESSION STATUS IS ACTIVE
 Date: 2026-04-08 11:39:09
==============================
 Location : dada
 Error    : Session is active
------------------------------>

==============================
 Error updating Session
 Date: 2026-04-08 12:16:51
==============================
 Location : backend\src\main\java\com\auth\backend\service\SessionService.java
 Error    : Session is not active.
------------------------------>

==============================
 SESSION STATUS IS ACTIVE
 Date: 2026-04-08 18:02:47
==============================
 Location : dada
 Error    : Session is active
------------------------------>

==============================
 SESSION STATUS IS ACTIVE
 Date: 2026-04-08 18:05:23
==============================
 Location : dada
 Error    : Session is active
------------------------------>

==============================
 SESSION STATUS IS ACTIVE
 Date: 2026-04-08 18:18:32
==============================
 Location : dada
 Error    : Session is active
------------------------------>

==============================
 Error Joining the session
 Date: 2026-04-09 19:43:23
==============================
 Location : backend\src\main\java\com\auth\backend\service\SessionService.java
 Error    : Session not found: 
------------------------------>

==============================
 Login Error
 Date: 2026-04-10 18:25:21
==============================
 Location : backend/src/main/java/com/auth/backend/service/AuthService.java
 Error    : 401 Unauthorized: [no body]
------------------------------>

==============================
 Login Error
 Date: 2026-04-11 09:27:16
==============================
 Location : backend/src/main/java/com/auth/backend/service/AuthService.java
 Error    : I/O error on POST request for "http://localhost:8080/realms/mobile-realm/protocol/openid-connect/token": An established connection was aborted by the software in your host machine
------------------------------>

==============================
 Error updating Session
 Date: 2026-04-11 16:05:10
==============================
 Location : backend\src\main\java\com\auth\backend\service\SessionService.java
 Error    : Session not found: null
------------------------------>

==============================
 Error updating Session
 Date: 2026-04-11 16:07:12
==============================
 Location : backend\src\main\java\com\auth\backend\service\SessionService.java
 Error    : Session not found: null
------------------------------>

==============================
 Login Error
 Date: 2026-04-11 16:26:53
==============================
 Location : backend/src/main/java/com/auth/backend/service/AuthService.java
 Error    : 401 Unauthorized: [no body]
------------------------------>

==============================
 Refresh Error
 Date: 2026-04-11 20:39:56
==============================
 Location : AuthService.java
 Error    : 400 Bad Request: "{"error":"invalid_grant","error_description":"Token is not active"}"
------------------------------>

==============================
 Login Error
 Date: 2026-04-11 20:51:51
==============================
 Location : backend/src/main/java/com/auth/backend/service/AuthService.java
 Error    : 401 Unauthorized: [no body]
------------------------------>

==============================
 Login Error
 Date: 2026-04-12 09:55:13
==============================
 Location : backend/src/main/java/com/auth/backend/service/AuthService.java
 Error    : 401 Unauthorized: [no body]
------------------------------>

==============================
 Login Error
 Date: 2026-04-12 09:55:15
==============================
 Location : backend/src/main/java/com/auth/backend/service/AuthService.java
 Error    : 401 Unauthorized: [no body]
------------------------------>

==============================
 Login Error
 Date: 2026-04-12 18:23:17
==============================
 Location : backend/src/main/java/com/auth/backend/service/AuthService.java
 Error    : 401 Unauthorized: [no body]
------------------------------>

==============================
 Login Error
 Date: 2026-04-14 08:40:21
==============================
 Location : backend/src/main/java/com/auth/backend/service/AuthService.java
 Error    : I/O error on POST request for "http://localhost:8080/realms/mobile-realm/protocol/openid-connect/token": Connection refused: connect
------------------------------>

==============================
 Login Error
 Date: 2026-04-14 08:44:04
==============================
 Location : backend/src/main/java/com/auth/backend/service/AuthService.java
 Error    : I/O error on POST request for "http://localhost:8080/realms/mobile-realm/protocol/openid-connect/token": Connection refused: connect
------------------------------>

==============================
 Login Error
 Date: 2026-04-14 09:39:45
==============================
 Location : backend/src/main/java/com/auth/backend/service/AuthService.java
 Error    : 401 Unauthorized: [no body]
------------------------------>

==============================
 Error updating Session
 Date: 2026-04-14 18:07:43
==============================
 Location : backend\src\main\java\com\auth\backend\service\SessionService.java
 Error    : Session is not active.
------------------------------>

==============================
 Login Error
 Date: 2026-04-14 18:23:02
==============================
 Location : backend/src/main/java/com/auth/backend/service/AuthService.java
 Error    : 401 Unauthorized: [no body]
------------------------------>

==============================
 Error updating Session
 Date: 2026-04-14 19:43:48
==============================
 Location : backend\src\main\java\com\auth\backend\service\SessionService.java
 Error    : Session is not active.
------------------------------>

==============================
 Error updating Session
 Date: 2026-04-14 19:43:48
==============================
 Location : backend\src\main\java\com\auth\backend\service\SessionService.java
 Error    : Session is not active.
------------------------------>

==============================
 Login Error
 Date: 2026-04-14 21:30:04
==============================
 Location : backend/src/main/java/com/auth/backend/service/AuthService.java
 Error    : 401 Unauthorized: [no body]
------------------------------>

==============================
 Login Error
 Date: 2026-04-15 18:19:37
==============================
 Location : backend/src/main/java/com/auth/backend/service/AuthService.java
 Error    : I/O error on POST request for "http://localhost:8080/realms/mobile-realm/protocol/openid-connect/token": Connection refused: connect
------------------------------>

==============================
 Login Error
 Date: 2026-04-15 18:20:44
==============================
 Location : backend/src/main/java/com/auth/backend/service/AuthService.java
 Error    : I/O error on POST request for "http://localhost:8080/realms/mobile-realm/protocol/openid-connect/token": An established connection was aborted by the software in your host machine
------------------------------>

==============================
 Login Error
 Date: 2026-04-15 18:47:17
==============================
 Location : backend/src/main/java/com/auth/backend/service/AuthService.java
 Error    : 401 Unauthorized: [no body]
------------------------------>

==============================
 Login Error
 Date: 2026-04-15 19:02:06
==============================
 Location : backend/src/main/java/com/auth/backend/service/AuthService.java
 Error    : 401 Unauthorized: [no body]
------------------------------>

==============================
 Error Joining the session
 Date: 2026-04-15 20:34:12
==============================
 Location : backend\src\main\java\com\auth\backend\service\SessionService.java
 Error    : Session not found: 
------------------------------>

==============================
 Login Error
 Date: 2026-04-15 21:04:39
==============================
 Location : backend/src/main/java/com/auth/backend/service/AuthService.java
 Error    : 401 Unauthorized: [no body]
------------------------------>

==============================
 Login Error
 Date: 2026-04-15 21:04:58
==============================
 Location : backend/src/main/java/com/auth/backend/service/AuthService.java
 Error    : 401 Unauthorized: [no body]
------------------------------>

==============================
 Error Joining the session
 Date: 2026-04-15 21:05:28
==============================
 Location : backend\src\main\java\com\auth\backend\service\SessionService.java
 Error    : Session not found: 
------------------------------>

==============================
 Login Error
 Date: 2026-04-16 15:18:47
==============================
 Location : backend/src/main/java/com/auth/backend/service/AuthService.java
 Error    : 401 Unauthorized: [no body]
------------------------------>

==============================
 Refresh Error
 Date: 2026-04-19 15:06:32
==============================
 Location : AuthService.java
 Error    : 400 Bad Request: "{"error":"invalid_grant","error_description":"Token is not active"}"
------------------------------>

==============================
 Refresh Error
 Date: 2026-04-19 17:39:20
==============================
 Location : AuthService.java
 Error    : 400 Bad Request: "{"error":"invalid_grant","error_description":"Token is not active"}"
------------------------------>

==============================
 Login Error
 Date: 2026-04-19 18:09:50
==============================
 Location : backend/src/main/java/com/auth/backend/service/AuthService.java
 Error    : 401 Unauthorized: [no body]
------------------------------>

==============================
 Login Error
 Date: 2026-04-19 18:49:58
==============================
 Location : AuthService.java
 Error    : 400 Bad Request: "{"error":"invalid_grant","error_description":"Account is not fully set up"}"
------------------------------>

==============================
 Login Error
 Date: 2026-04-19 18:50:51
==============================
 Location : AuthService.java
 Error    : 400 Bad Request: "{"error":"invalid_grant","error_description":"Account is not fully set up"}"
------------------------------>

==============================
 Login Error
 Date: 2026-04-19 18:51:01
==============================
 Location : AuthService.java
 Error    : 401 Unauthorized: [no body]
------------------------------>

==============================
 Login Error
 Date: 2026-04-19 18:51:47
==============================
 Location : AuthService.java
 Error    : 400 Bad Request: "{"error":"invalid_grant","error_description":"Account is not fully set up"}"
------------------------------>

==============================
 Login Error
 Date: 2026-04-19 19:40:29
==============================
 Location : AuthService.java
 Error    : 401 Unauthorized: [no body]
------------------------------>

==============================
 Login Error
 Date: 2026-04-19 19:42:33
==============================
 Location : AuthService.java
 Error    : 401 Unauthorized: [no body]
------------------------------>

==============================
 Login Error
 Date: 2026-04-19 20:35:50
==============================
 Location : AuthService.java
 Error    : 400 Bad Request: "{"error":"invalid_grant","error_description":"Account is not fully set up"}"
------------------------------>

==============================
 Login Error
 Date: 2026-04-19 20:36:03
==============================
 Location : AuthService.java
 Error    : 400 Bad Request: "{"error":"invalid_grant","error_description":"Account is not fully set up"}"
------------------------------>

==============================
 Login Error
 Date: 2026-04-19 20:36:42
==============================
 Location : AuthService.java
 Error    : 400 Bad Request: "{"error":"invalid_grant","error_description":"Account is not fully set up"}"
------------------------------>

==============================
 Login Error
 Date: 2026-04-19 20:37:13
==============================
 Location : AuthService.java
 Error    : 400 Bad Request: "{"error":"invalid_grant","error_description":"Account is not fully set up"}"
------------------------------>

==============================
 Login Error
 Date: 2026-04-19 20:40:52
==============================
 Location : AuthService.java
 Error    : 401 Unauthorized: [no body]
------------------------------>
